2025-05-13 19:46:49,229 INFO: Aplicación iniciada [in C:\Users\Cetecom\Desktop\Api_cmd_webpay\proyecto\app\__init__.py:27]
2025-05-13 19:46:51,323 INFO: Aplicación iniciada [in C:\Users\Cetecom\Desktop\Api_cmd_webpay\proyecto\app\__init__.py:27]
2025-05-13 19:47:09,170 INFO: Iniciando proceso de pago [in C:\Users\Cetecom\Desktop\Api_cmd_webpay\proyecto\app\routes.py:22]
2025-05-13 19:47:09,172 INFO: Datos de transacción - Monto: 5000, Orden: TEST_20250513194709, Sesión: SESSION_1747180029.172946 [in C:\Users\Cetecom\Desktop\Api_cmd_webpay\proyecto\app\routes.py:29]
2025-05-13 19:47:09,172 INFO: URL de retorno: http://127.0.0.1:5000/payment-result [in C:\Users\Cetecom\Desktop\Api_cmd_webpay\proyecto\app\routes.py:30]
2025-05-13 19:47:12,285 INFO: Respuesta de WebPay recibida correctamente [in C:\Users\Cetecom\Desktop\Api_cmd_webpay\proyecto\app\routes.py:40]
2025-05-13 19:47:12,285 INFO: URL de redirección: https://webpay3gint.transbank.cl/webpayserver/initTransaction [in C:\Users\Cetecom\Desktop\Api_cmd_webpay\proyecto\app\routes.py:41]
2025-05-13 19:47:12,286 INFO: Token: 01abe638b46cdb62f07324413cf8af48b8ab97d36da5f1ca886450fcaee25f4c [in C:\Users\Cetecom\Desktop\Api_cmd_webpay\proyecto\app\routes.py:42]
2025-05-13 20:00:11,172 INFO: Aplicación iniciada [in C:\Users\Cetecom\Desktop\Api_cmd_webpay\proyecto\app\__init__.py:27]
2025-05-13 20:00:22,109 INFO: Aplicación iniciada [in C:\Users\Cetecom\Desktop\Api_cmd_webpay\proyecto\app\__init__.py:27]
2025-05-13 20:00:24,195 INFO: Aplicación iniciada [in C:\Users\Cetecom\Desktop\Api_cmd_webpay\proyecto\app\__init__.py:27]
2025-05-13 20:00:36,608 INFO: Iniciando proceso de pago [in C:\Users\Cetecom\Desktop\Api_cmd_webpay\proyecto\app\routes.py:23]
2025-05-13 20:00:36,611 INFO: Datos de transacción - Monto: 25000, Orden: TEST_20250513200036, Sesión: SESSION_1747180836.61033 [in C:\Users\Cetecom\Desktop\Api_cmd_webpay\proyecto\app\routes.py:30]
2025-05-13 20:00:36,611 INFO: URL de retorno: http://127.0.0.1:5000/payment-result [in C:\Users\Cetecom\Desktop\Api_cmd_webpay\proyecto\app\routes.py:31]
2025-05-13 20:00:39,760 INFO: Respuesta de WebPay recibida correctamente [in C:\Users\Cetecom\Desktop\Api_cmd_webpay\proyecto\app\routes.py:41]
2025-05-13 20:00:39,760 INFO: URL de redirección: https://webpay3gint.transbank.cl/webpayserver/initTransaction [in C:\Users\Cetecom\Desktop\Api_cmd_webpay\proyecto\app\routes.py:42]
2025-05-13 20:00:39,761 INFO: Token: https://webpay3gint.transbank.cl/webpayserver/initTransaction?token_ws=01abf37e8e3bcaa4459ac55bfe29d509ee4a187738eb2469b96995da979b1b9c [in C:\Users\Cetecom\Desktop\Api_cmd_webpay\proyecto\app\routes.py:43]
2025-05-13 20:05:32,439 INFO: Aplicación iniciada [in C:\Users\Cetecom\Desktop\Api_cmd_webpay\proyecto\app\__init__.py:27]
2025-05-13 20:05:35,866 INFO: Aplicación iniciada [in C:\Users\Cetecom\Desktop\Api_cmd_webpay\proyecto\app\__init__.py:27]
2025-05-13 20:05:38,077 INFO: Aplicación iniciada [in C:\Users\Cetecom\Desktop\Api_cmd_webpay\proyecto\app\__init__.py:27]
2025-05-13 20:05:43,828 INFO: Iniciando proceso de pago [in C:\Users\Cetecom\Desktop\Api_cmd_webpay\proyecto\app\routes.py:25]
2025-05-13 20:05:43,830 INFO: Datos de transacción - Monto: 25000, Orden: TEST_20250513200543, Sesión: SESSION_1747181143.830889 [in C:\Users\Cetecom\Desktop\Api_cmd_webpay\proyecto\app\routes.py:32]
2025-05-13 20:05:43,831 INFO: URL de retorno: http://127.0.0.1:5000/payment-result [in C:\Users\Cetecom\Desktop\Api_cmd_webpay\proyecto\app\routes.py:33]
2025-05-13 20:05:47,133 INFO: Respuesta de WebPay recibida correctamente [in C:\Users\Cetecom\Desktop\Api_cmd_webpay\proyecto\app\routes.py:43]
2025-05-13 20:05:47,133 INFO: URL de redirección: https://webpay3gint.transbank.cl/webpayserver/initTransaction [in C:\Users\Cetecom\Desktop\Api_cmd_webpay\proyecto\app\routes.py:44]
2025-05-13 20:05:47,134 INFO: Token: https://webpay3gint.transbank.cl/webpayserver/initTransaction?token_ws=01abd71d3eab08b49645362ece2e913e5abcb50702ce8ce7f57916f690a6a3b9 [in C:\Users\Cetecom\Desktop\Api_cmd_webpay\proyecto\app\routes.py:45]
2025-05-13 20:06:11,158 INFO: Aplicación iniciada [in C:\Users\Cetecom\Desktop\Api_cmd_webpay\proyecto\app\__init__.py:27]
2025-05-13 20:06:14,592 INFO: Aplicación iniciada [in C:\Users\Cetecom\Desktop\Api_cmd_webpay\proyecto\app\__init__.py:27]
2025-05-13 20:06:16,696 INFO: Aplicación iniciada [in C:\Users\Cetecom\Desktop\Api_cmd_webpay\proyecto\app\__init__.py:27]
2025-05-13 20:06:24,298 INFO: Iniciando proceso de pago [in C:\Users\Cetecom\Desktop\Api_cmd_webpay\proyecto\app\routes.py:25]
2025-05-13 20:06:24,300 INFO: Datos de transacción - Monto: 25000, Orden: TEST_20250513200624, Sesión: SESSION_1747181184.300845 [in C:\Users\Cetecom\Desktop\Api_cmd_webpay\proyecto\app\routes.py:32]
2025-05-13 20:06:24,301 INFO: URL de retorno: http://127.0.0.1:5000/payment-result [in C:\Users\Cetecom\Desktop\Api_cmd_webpay\proyecto\app\routes.py:33]
2025-05-13 20:06:27,409 INFO: Respuesta de WebPay recibida correctamente [in C:\Users\Cetecom\Desktop\Api_cmd_webpay\proyecto\app\routes.py:43]
2025-05-13 20:06:27,410 INFO: URL de redirección: https://webpay3gint.transbank.cl/webpayserver/initTransaction [in C:\Users\Cetecom\Desktop\Api_cmd_webpay\proyecto\app\routes.py:44]
2025-05-13 20:06:27,410 INFO: Token: https://webpay3gint.transbank.cl/webpayserver/initTransaction?token_ws=01ab019f0835122ff929d93a328d29927e9c50fa1cabb3c9ceb07f052b052015 [in C:\Users\Cetecom\Desktop\Api_cmd_webpay\proyecto\app\routes.py:45]
2025-05-13 20:06:59,884 INFO: Iniciando proceso de pago [in C:\Users\Cetecom\Desktop\Api_cmd_webpay\proyecto\app\routes.py:25]
2025-05-13 20:06:59,885 INFO: Datos de transacción - Monto: 25000, Orden: TEST_20250513200659, Sesión: SESSION_1747181219.885818 [in C:\Users\Cetecom\Desktop\Api_cmd_webpay\proyecto\app\routes.py:32]
2025-05-13 20:06:59,885 INFO: URL de retorno: http://127.0.0.1:5000/payment-result [in C:\Users\Cetecom\Desktop\Api_cmd_webpay\proyecto\app\routes.py:33]
2025-05-13 20:07:00,058 INFO: Respuesta de WebPay recibida correctamente [in C:\Users\Cetecom\Desktop\Api_cmd_webpay\proyecto\app\routes.py:43]
2025-05-13 20:07:00,058 INFO: URL de redirección: https://webpay3gint.transbank.cl/webpayserver/initTransaction [in C:\Users\Cetecom\Desktop\Api_cmd_webpay\proyecto\app\routes.py:44]
2025-05-13 20:07:00,059 INFO: Token: https://webpay3gint.transbank.cl/webpayserver/initTransaction?token_ws=01ab019f0835122ff929d93a328d29927e9c50fa1cabb3c9ceb07f052b05201501ab88d7aff3f354df1d17de017c72ba7ec8f55a70050896249630cf346c547b [in C:\Users\Cetecom\Desktop\Api_cmd_webpay\proyecto\app\routes.py:45]
2025-05-13 20:07:07,639 INFO: Aplicación iniciada [in C:\Users\Cetecom\Desktop\Api_cmd_webpay\proyecto\app\__init__.py:27]
2025-05-13 20:07:09,788 INFO: Aplicación iniciada [in C:\Users\Cetecom\Desktop\Api_cmd_webpay\proyecto\app\__init__.py:27]
2025-05-13 20:07:18,871 INFO: Iniciando proceso de pago [in C:\Users\Cetecom\Desktop\Api_cmd_webpay\proyecto\app\routes.py:25]
2025-05-13 20:07:18,873 INFO: Datos de transacción - Monto: 25000, Orden: TEST_20250513200718, Sesión: SESSION_1747181238.873027 [in C:\Users\Cetecom\Desktop\Api_cmd_webpay\proyecto\app\routes.py:32]
2025-05-13 20:07:18,873 INFO: URL de retorno: http://127.0.0.1:5000/payment-result [in C:\Users\Cetecom\Desktop\Api_cmd_webpay\proyecto\app\routes.py:33]
2025-05-13 20:07:18,987 INFO: Respuesta de WebPay recibida correctamente [in C:\Users\Cetecom\Desktop\Api_cmd_webpay\proyecto\app\routes.py:43]
2025-05-13 20:07:18,988 INFO: URL de redirección: https://webpay3gint.transbank.cl/webpayserver/initTransaction [in C:\Users\Cetecom\Desktop\Api_cmd_webpay\proyecto\app\routes.py:44]
2025-05-13 20:07:18,988 INFO: Token: https://webpay3gint.transbank.cl/webpayserver/initTransaction?token_ws=01ab217139f148d1e031a6d263d4d0d8c12a0a7c8be91aee5f7d564700a03a58 [in C:\Users\Cetecom\Desktop\Api_cmd_webpay\proyecto\app\routes.py:45]
2025-05-13 20:07:29,765 INFO: Iniciando proceso de pago [in C:\Users\Cetecom\Desktop\Api_cmd_webpay\proyecto\app\routes.py:25]
2025-05-13 20:07:29,767 INFO: Datos de transacción - Monto: 266000, Orden: TEST_20250513200729, Sesión: SESSION_1747181249.76606 [in C:\Users\Cetecom\Desktop\Api_cmd_webpay\proyecto\app\routes.py:32]
2025-05-13 20:07:29,767 INFO: URL de retorno: http://127.0.0.1:5000/payment-result [in C:\Users\Cetecom\Desktop\Api_cmd_webpay\proyecto\app\routes.py:33]
2025-05-13 20:07:32,939 INFO: Respuesta de WebPay recibida correctamente [in C:\Users\Cetecom\Desktop\Api_cmd_webpay\proyecto\app\routes.py:43]
2025-05-13 20:07:32,939 INFO: URL de redirección: https://webpay3gint.transbank.cl/webpayserver/initTransaction [in C:\Users\Cetecom\Desktop\Api_cmd_webpay\proyecto\app\routes.py:44]
2025-05-13 20:07:32,940 INFO: Token: https://webpay3gint.transbank.cl/webpayserver/initTransaction?token_ws=01ab217139f148d1e031a6d263d4d0d8c12a0a7c8be91aee5f7d564700a03a5801abe0a79fb940654a4d02065aef856b07483efe5ca6587f843b62b104a806df [in C:\Users\Cetecom\Desktop\Api_cmd_webpay\proyecto\app\routes.py:45]
2025-05-13 20:08:05,122 INFO: Aplicación iniciada [in C:\Users\Cetecom\Desktop\Api_cmd_webpay\proyecto\app\__init__.py:27]
2025-05-13 20:08:07,238 INFO: Aplicación iniciada [in C:\Users\Cetecom\Desktop\Api_cmd_webpay\proyecto\app\__init__.py:27]
2025-05-13 20:08:14,842 INFO: Iniciando proceso de pago [in C:\Users\Cetecom\Desktop\Api_cmd_webpay\proyecto\app\routes.py:23]
2025-05-13 20:08:14,844 INFO: Datos de transacción - Monto: 10000, Orden: TEST_20250513200814, Sesión: SESSION_1747181294.844121 [in C:\Users\Cetecom\Desktop\Api_cmd_webpay\proyecto\app\routes.py:30]
2025-05-13 20:08:14,845 INFO: URL de retorno: http://127.0.0.1:5000/payment-result [in C:\Users\Cetecom\Desktop\Api_cmd_webpay\proyecto\app\routes.py:31]
2025-05-13 20:08:18,014 INFO: Respuesta de WebPay recibida correctamente [in C:\Users\Cetecom\Desktop\Api_cmd_webpay\proyecto\app\routes.py:41]
2025-05-13 20:08:18,014 INFO: URL de redirección: https://webpay3gint.transbank.cl/webpayserver/initTransaction [in C:\Users\Cetecom\Desktop\Api_cmd_webpay\proyecto\app\routes.py:42]
